mode: atomic
github.com/n3ph/gobar/pkg/host/host.go:18.17,20.2 1 2
github.com/n3ph/gobar/pkg/host/host.go:22.105,23.32 1 1
github.com/n3ph/gobar/pkg/host/host.go:23.32,24.10 1 1
github.com/n3ph/gobar/pkg/host/host.go:25.15,26.10 1 0
github.com/n3ph/gobar/pkg/host/host.go:27.11,30.19 3 1
github.com/n3ph/gobar/pkg/host/host.go:35.4,39.42 4 1
github.com/n3ph/gobar/pkg/host/host.go:30.19,33.5 2 0
github.com/n3ph/gobar/pkg/host/host.go:39.42,44.5 4 1
github.com/n3ph/gobar/pkg/host/host.go:49.32,56.2 5 2
github.com/n3ph/gobar/pkg/pulseaudio/pulseaudio.go:19.39,21.16 2 1
github.com/n3ph/gobar/pkg/pulseaudio/pulseaudio.go:25.2,26.16 2 1
github.com/n3ph/gobar/pkg/pulseaudio/pulseaudio.go:21.16,23.3 1 0
github.com/n3ph/gobar/pkg/pulseaudio/pulseaudio.go:29.109,31.46 1 0
github.com/n3ph/gobar/pkg/pulseaudio/pulseaudio.go:31.46,32.10 1 0
github.com/n3ph/gobar/pkg/pulseaudio/pulseaudio.go:33.15,35.10 2 0
github.com/n3ph/gobar/pkg/pulseaudio/pulseaudio.go:36.11,41.19 4 0
github.com/n3ph/gobar/pkg/pulseaudio/pulseaudio.go:46.4,47.19 2 0
github.com/n3ph/gobar/pkg/pulseaudio/pulseaudio.go:52.4,52.58 1 0
github.com/n3ph/gobar/pkg/pulseaudio/pulseaudio.go:58.4,58.16 1 0
github.com/n3ph/gobar/pkg/pulseaudio/pulseaudio.go:41.19,44.5 2 0
github.com/n3ph/gobar/pkg/pulseaudio/pulseaudio.go:47.19,50.5 2 0
github.com/n3ph/gobar/pkg/pulseaudio/pulseaudio.go:52.58,56.5 3 0
github.com/n3ph/gobar/pkg/pulseaudio/pulseaudio.go:58.16,61.5 2 0
github.com/n3ph/gobar/pkg/pulseaudio/pulseaudio.go:66.45,70.9 3 1
github.com/n3ph/gobar/pkg/pulseaudio/pulseaudio.go:81.2,81.13 1 1
github.com/n3ph/gobar/pkg/pulseaudio/pulseaudio.go:85.2,86.38 2 1
github.com/n3ph/gobar/pkg/pulseaudio/pulseaudio.go:71.21,72.22 1 1
github.com/n3ph/gobar/pkg/pulseaudio/pulseaudio.go:73.38,74.22 1 0
github.com/n3ph/gobar/pkg/pulseaudio/pulseaudio.go:75.40,76.22 1 0
github.com/n3ph/gobar/pkg/pulseaudio/pulseaudio.go:77.22,78.22 1 0
github.com/n3ph/gobar/pkg/pulseaudio/pulseaudio.go:81.13,83.3 1 0
github.com/n3ph/gobar/pkg/temperature/temperature.go:16.62,18.24 1 3
github.com/n3ph/gobar/pkg/temperature/temperature.go:23.2,25.16 3 2
github.com/n3ph/gobar/pkg/temperature/temperature.go:29.2,29.33 1 2
github.com/n3ph/gobar/pkg/temperature/temperature.go:36.2,37.8 2 1
github.com/n3ph/gobar/pkg/temperature/temperature.go:18.24,21.3 2 1
github.com/n3ph/gobar/pkg/temperature/temperature.go:25.16,27.3 1 0
github.com/n3ph/gobar/pkg/temperature/temperature.go:29.33,30.33 1 38
github.com/n3ph/gobar/pkg/temperature/temperature.go:30.33,33.4 2 1
github.com/n3ph/gobar/pkg/temperature/temperature.go:40.119,41.32 1 1
github.com/n3ph/gobar/pkg/temperature/temperature.go:41.32,42.10 1 1
github.com/n3ph/gobar/pkg/temperature/temperature.go:43.15,44.10 1 0
github.com/n3ph/gobar/pkg/temperature/temperature.go:45.11,48.50 3 1
github.com/n3ph/gobar/pkg/temperature/temperature.go:48.50,51.5 2 1
github.com/n3ph/gobar/pkg/temperature/temperature.go:56.46,62.2 4 2
github.com/n3ph/gobar/pkg/battery/battery.go:17.54,18.24 1 3
github.com/n3ph/gobar/pkg/battery/battery.go:23.2,24.16 2 2
github.com/n3ph/gobar/pkg/battery/battery.go:28.2,29.16 2 2
github.com/n3ph/gobar/pkg/battery/battery.go:33.2,34.8 2 1
github.com/n3ph/gobar/pkg/battery/battery.go:18.24,21.3 2 1
github.com/n3ph/gobar/pkg/battery/battery.go:24.16,26.3 1 0
github.com/n3ph/gobar/pkg/battery/battery.go:29.16,31.3 1 1
github.com/n3ph/gobar/pkg/battery/battery.go:37.111,38.32 1 1
github.com/n3ph/gobar/pkg/battery/battery.go:38.32,39.10 1 2
github.com/n3ph/gobar/pkg/battery/battery.go:40.15,41.10 1 0
github.com/n3ph/gobar/pkg/battery/battery.go:42.11,44.19 2 2
github.com/n3ph/gobar/pkg/battery/battery.go:49.4,49.48 1 1
github.com/n3ph/gobar/pkg/battery/battery.go:44.19,47.5 2 0
github.com/n3ph/gobar/pkg/battery/battery.go:49.48,52.5 2 1
github.com/n3ph/gobar/pkg/battery/battery.go:57.38,61.36 3 2
github.com/n3ph/gobar/pkg/battery/battery.go:67.2,67.29 1 2
github.com/n3ph/gobar/pkg/battery/battery.go:80.2,81.39 2 2
github.com/n3ph/gobar/pkg/battery/battery.go:61.36,63.3 1 1
github.com/n3ph/gobar/pkg/battery/battery.go:63.8,65.3 1 1
github.com/n3ph/gobar/pkg/battery/battery.go:68.23,69.43 1 0
github.com/n3ph/gobar/pkg/battery/battery.go:70.26,71.34 1 1
github.com/n3ph/gobar/pkg/battery/battery.go:72.20,73.29 1 0
github.com/n3ph/gobar/pkg/battery/battery.go:74.26,75.29 1 0
github.com/n3ph/gobar/pkg/battery/battery.go:76.22,77.28 1 1
